#
# A fatal error has been detected by the Java Runtime Environment:
#
#  SIGSEGV (0xb) at pc=0x00007fff8cdcc4dd, pid=5144, tid=2571
#
# JRE version: Java(TM) SE Runtime Environment (8.0_45-b14) (build 1.8.0_45-b14)
# Java VM: Java HotSpot(TM) 64-Bit Server VM (25.45-b02 mixed mode bsd-amd64 compressed oops)
# Problematic frame:
# C  [libobjc.A.dylib+0x14dd]  objc_msgSend+0x1d
#
# Failed to write core dump. Core dumps have been disabled. To enable core dumping, try "ulimit -c unlimited" before starting Java again
#
# If you would like to submit a bug report, please visit:
#   http://bugreport.java.com/bugreport/crash.jsp
# The crash happened outside the Java Virtual Machine in native code.
# See problematic frame for where to report the bug.
#

---------------  T H R E A D  ---------------

Current thread (0x00007fa3638c4000):  JavaThread "JavaFX Application Thread" [_thread_in_native, id=2571, stack(0x00007fff57087000,0x00007fff57887000)]

siginfo: si_signo: 11 (SIGSEGV), si_code: 1 (SEGV_MAPERR), si_addr: 0x0000000000000018

Registers:
RAX=0x0000000108dfc100, RBX=0x00007fa3638c41f8, RCX=0x00007fa361defa00, RDX=0x0000000000000004
RSP=0x00007fff57879758, RBP=0x00007fff57879ba0, RSI=0x000000011f7e63c2, RDI=0x00007fa364515750
R8 =0x00007fa361c1b1a0, R9 =0x0000000000000000, R10=0x000000011f7e63c2, R11=0x0000000000000000
R12=0x0000000000000000, R13=0x0000000000000264, R14=0x0000000000000001, R15=0x0000000108904653
RIP=0x00007fff8cdcc4dd, EFLAGS=0x0000000000010246, ERR=0x0000000000000004
  TRAPNO=0x000000000000000e

Top of Stack: (sp=0x00007fff57879758)
0x00007fff57879758:   000000011f7cef9e 0000000079ea10a0
0x00007fff57879768:   0000000042000000 00007fff92ce9da3
0x00007fff57879778:   0000000078d49980 00007fa361d05d90
0x00007fff57879788:   00007fa3638c41f8 00007fa361defa00
0x00007fff57879798:   0000000000000000 00007fa361cd0670
0x00007fff578797a8:   00007fff92ce9958 00007fff92ce996f
0x00007fff578797b8:   0000000000000003 00007fff578797f8
0x00007fff578797c8:   00007fa361cd0688 0000000000000000
0x00007fff578797d8:   0000000000000000 0000000000000000
0x00007fff578797e8:   0000000000000000 0000000000000000
0x00007fff578797f8:   00007fa3673d87f0 0000003002000000
0x00007fff57879808:   00007fff92ce9958 00007fff92ce996f
0x00007fff57879818:   0000000000000000 000000f800000000
0x00007fff57879828:   000000000000001d 408b356000000000
0x00007fff57879838:   4086d24000000000 0000000000000000
0x00007fff57879848:   0000000000000000 00004695109a5bec
0x00007fff57879858:   0000000000000100 0000000000000000
0x00007fff57879868:   0000000000000000 0000000400000000
0x00007fff57879878:   0000000000000000 0000000000000001
0x00007fff57879888:   0000000100001739 0000000000001418
0x00007fff57879898:   000053cf001e71e7 0000000000000000
0x00007fff578798a8:   0000000000000000 0000000000000000
0x00007fff578798b8:   0000000000000000 0000000000000000
0x00007fff578798c8:   0000000000000000 0000000000000000
0x00007fff578798d8:   0000000000000000 0000000000000000
0x00007fff578798e8:   0000000000000000 00007fa36731fd10
0x00007fff578798f8:   0000000000000000 00007fa361cb4f40
0x00007fff57879908:   0000000000000000 0000000000000000
0x00007fff57879918:   4086d24000000000 cc008aa5c0e62444
0x00007fff57879928:   0000000000000008 00007fa36731f1e0
0x00007fff57879938:   0000000000000020 0000000000000000
0x00007fff57879948:   00007fff57879a70 00007fff57879a60 

Instructions: (pc=0x00007fff8cdcc4dd)
0x00007fff8cdcc4bd:   44 00 00 48 85 ff 2e 74 62 40 f6 c7 01 2e 75 66
0x00007fff8cdcc4cd:   49 bb f8 ff ff ff ff 7f 00 00 4c 23 1f 49 89 f2
0x00007fff8cdcc4dd:   45 23 53 18 49 c1 e2 04 4d 03 53 10 49 3b 32 75
0x00007fff8cdcc4ed:   04 41 ff 62 08 49 83 3a 01 76 0d 49 83 c2 10 49 

Register to memory mapping:

RAX=0x0000000108dfc100: jni_NativeInterface+0 in /Library/Java/JavaVirtualMachines/jdk1.8.0_45.jdk/Contents/Home/jre/lib/server/libjvm.dylib at 0x00000001085f5000
RBX=0x00007fa3638c41f8 is an unknown value
RCX=0x00007fa361defa00 is an unknown value
RDX=0x0000000000000004 is an unknown value
RSP=0x00007fff57879758 is pointing into the stack for thread: 0x00007fa3638c4000
RBP=0x00007fff57879ba0 is pointing into the stack for thread: 0x00007fa3638c4000
RSI=0x000000011f7e63c2: __FUNCTION__.95075+0x952 in /Library/Java/JavaVirtualMachines/jdk1.8.0_45.jdk/Contents/Home/jre/lib/libglass.dylib at 0x000000011f7b7000
RDI=0x00007fa364515750 is an unknown value
R8 =0x00007fa361c1b1a0 is an unknown value
R9 =0x0000000000000000 is an unknown value
R10=0x000000011f7e63c2: __FUNCTION__.95075+0x952 in /Library/Java/JavaVirtualMachines/jdk1.8.0_45.jdk/Contents/Home/jre/lib/libglass.dylib at 0x000000011f7b7000
R11=0x0000000000000000 is an unknown value
R12=0x0000000000000000 is an unknown value
R13=0x0000000000000264 is an unknown value
R14=0x0000000000000001 is an unknown value
R15=0x0000000108904653: jni_CallStaticVoidMethod+0 in /Library/Java/JavaVirtualMachines/jdk1.8.0_45.jdk/Contents/Home/jre/lib/server/libjvm.dylib at 0x00000001085f5000


Stack: [0x00007fff57087000,0x00007fff57887000],  sp=0x00007fff57879758,  free space=8137k
Native frames: (J=compiled Java code, j=interpreted, Vv=VM code, C=native code)
C  [libobjc.A.dylib+0x14dd]  objc_msgSend+0x1d
C  [libglass.dylib+0x1764e]  listenTouchEvents+0x5e
C  [CoreGraphics+0x27e9e3]  processEventTapData+0x2e7
C  [CoreGraphics+0x1f1bb8]  _XPostEventTapData+0x120
C  [CoreGraphics+0x27e6a6]  eventTapMessageHandler+0x85
C  [CoreFoundation+0x9212c]  __CFMachPortPerform+0xfc
C  [CoreFoundation+0x92019]  __CFRUNLOOP_IS_CALLING_OUT_TO_A_SOURCE1_PERFORM_FUNCTION__+0x29
C  [CoreFoundation+0x91f89]  __CFRunLoopDoSource1+0x1d9
C  [CoreFoundation+0x899bb]  __CFRunLoopRun+0x87b
C  [CoreFoundation+0x88ed8]  CFRunLoopRunSpecific+0x128
C  [HIToolbox+0x30935]  RunCurrentEventLoopInMode+0xeb
C  [HIToolbox+0x3076f]  ReceiveNextEventCommon+0x1b0
C  [HIToolbox+0x305af]  _BlockUntilNextEventMatchingListInModeWithFilter+0x47
C  [AppKit+0x48efa]  _DPSNextEvent+0x42b
C  [AppKit+0x4832a]  -[NSApplication _nextEventMatchingEventMask:untilDate:inMode:dequeue:]+0x1c6
C  [AppKit+0x3ce84]  -[NSApplication run]+0x2aa
C  [libglass.dylib+0x4ef7]  -[GlassApplication runLoop:]+0x6f7
C  [Foundation+0x76f5e]  __NSThreadPerformPerform+0x117
C  [CoreFoundation+0xaa881]  __CFRUNLOOP_IS_CALLING_OUT_TO_A_SOURCE0_PERFORM_FUNCTION__+0x11
C  [CoreFoundation+0x89fbc]  __CFRunLoopDoSources0+0x22c
C  [CoreFoundation+0x894df]  __CFRunLoopRun+0x39f
C  [CoreFoundation+0x88ed8]  CFRunLoopRunSpecific+0x128
C  [java+0x6490]  CreateExecutionEnvironment+0x367
C  [java+0x221c]  JLI_Launch+0x7a0
C  [java+0x84ed]  main+0x65
C  [java+0x1a74]  start+0x34
C  0x0000000000000005


---------------  P R O C E S S  ---------------

Java Threads: ( => current thread )
  0x00007fa3632b4000 JavaThread "Abandoned connection cleanup thread" daemon [_thread_blocked, id=58163, stack(0x00007000016e5000,0x00007000017e5000)]
  0x00007fa362957800 JavaThread "Prism Font Disposer" daemon [_thread_blocked, id=51719, stack(0x000070000155f000,0x000070000165f000)]
  0x00007fa36320d000 JavaThread "JavaFX-Launcher" [_thread_blocked, id=48387, stack(0x00007000013d9000,0x00007000014d9000)]
  0x00007fa3628f0800 JavaThread "Thread-3" daemon [_thread_in_native, id=36355, stack(0x00007000012d3000,0x0000700001353000)]
=>0x00007fa3638c4000 JavaThread "JavaFX Application Thread" [_thread_in_native, id=2571, stack(0x00007fff57087000,0x00007fff57887000)]
  0x00007fa3638a9800 JavaThread "Thread-1" daemon [_thread_blocked, id=24595, stack(0x000070000114d000,0x000070000124d000)]
  0x00007fa3631f0000 JavaThread "QuantumRenderer-0" daemon [_thread_blocked, id=19459, stack(0x0000700000fc7000,0x00007000010c7000)]
  0x00007fa36380a000 JavaThread "Service Thread" daemon [_thread_blocked, id=18435, stack(0x0000700000dc1000,0x0000700000ec1000)]
  0x00007fa363801000 JavaThread "C1 CompilerThread2" daemon [_thread_blocked, id=17923, stack(0x0000700000cbe000,0x0000700000dbe000)]
  0x00007fa363041000 JavaThread "C2 CompilerThread1" daemon [_thread_blocked, id=17411, stack(0x0000700000bbb000,0x0000700000cbb000)]
  0x00007fa362021800 JavaThread "C2 CompilerThread0" daemon [_thread_blocked, id=16899, stack(0x0000700000ab8000,0x0000700000bb8000)]
  0x00007fa362020800 JavaThread "Signal Dispatcher" daemon [_thread_blocked, id=12815, stack(0x00007000009b5000,0x0000700000ab5000)]
  0x00007fa362831000 JavaThread "Finalizer" daemon [_thread_blocked, id=12291, stack(0x000070000082f000,0x000070000092f000)]
  0x00007fa362830000 JavaThread "Reference Handler" daemon [_thread_blocked, id=11779, stack(0x000070000072c000,0x000070000082c000)]
  0x00007fa363002000 JavaThread "main" [_thread_blocked, id=4099, stack(0x0000700000084000,0x0000700000184000)]

Other Threads:
  0x00007fa362806800 VMThread [stack: 0x0000700000629000,0x0000700000729000] [id=11267]
  0x00007fa363802000 WatcherThread [stack: 0x0000700000ec4000,0x0000700000fc4000] [id=18947]

VM state:not at safepoint (normal execution)

VM Mutex/Monitor currently owned by a thread: None

Heap:
 PSYoungGen      total 18944K, used 17579K [0x00000007aab00000, 0x00000007ad380000, 0x00000007c0000000)
  eden space 16384K, 99% used [0x00000007aab00000,0x00000007abafaf30,0x00000007abb00000)
  from space 2560K, 47% used [0x00000007abb00000,0x00000007abc30000,0x00000007abd80000)
  to   space 8704K, 0% used [0x00000007acb00000,0x00000007acb00000,0x00000007ad380000)
 ParOldGen       total 40448K, used 10825K [0x0000000780000000, 0x0000000782780000, 0x00000007aab00000)
  object space 40448K, 26% used [0x0000000780000000,0x0000000780a92408,0x0000000782780000)
 Metaspace       used 22713K, capacity 24100K, committed 24448K, reserved 1071104K
  class space    used 3081K, capacity 3347K, committed 3456K, reserved 1048576K

Card table byte_map: [0x00000001191c0000,0x00000001193c1000] byte_map_base: 0x00000001155c0000

Marking Bits: (ParMarkBitMap*) 0x0000000108eb77a0
 Begin Bits: [0x0000000119517000, 0x000000011a517000)
 End Bits:   [0x000000011a517000, 0x000000011b517000)

Polling page: 0x00000001095a5000

CodeCache: size=245760Kb used=10605Kb max_used=10623Kb free=235154Kb
 bounds [0x0000000109e00000, 0x000000010a870000, 0x0000000118e00000]
 total_blobs=4165 nmethods=3433 adapters=643
 compilation: enabled

Compilation events (10 events):
Event: 149.853 Thread 0x00007fa363801000 3732  s    1       com.sun.scenario.effect.impl.prism.ps.PPSRenderer::getRendererState (5 bytes)
Event: 149.853 Thread 0x00007fa363801000 nmethod 3732 0x000000010a84d790 code [0x000000010a84d8e0, 0x000000010a84db50]
Event: 149.853 Thread 0x00007fa363801000 3729       1       com.sun.javafx.sg.prism.NGGroup::hasVisuals (2 bytes)
Event: 149.853 Thread 0x00007fa363801000 nmethod 3729 0x000000010a84d4d0 code [0x000000010a84d620, 0x000000010a84d730]
Event: 149.853 Thread 0x00007fa363801000 3718       1       com.sun.javafx.collections.VetoableListDecorator::access$400 (5 bytes)
Event: 149.853 Thread 0x00007fa363801000 nmethod 3718 0x000000010a84d210 code [0x000000010a84d360, 0x000000010a84d450]
Event: 149.909 Thread 0x00007fa362021800 nmethod 3640 0x000000010a85c010 code [0x000000010a85c3c0, 0x000000010a85e040]
Event: 149.909 Thread 0x00007fa362021800 3598       4       javafx.scene.Parent::impl_getAllParentStylesheets (100 bytes)
Event: 149.919 Thread 0x00007fa363041000 nmethod 3597% 0x000000010a865150 code [0x000000010a865500, 0x000000010a868230]
Event: 149.932 Thread 0x00007fa362021800 nmethod 3598 0x000000010a858e50 code [0x000000010a859020, 0x000000010a859878]

GC Heap History (10 events):
Event: 2.313 GC heap before
{Heap before GC invocations=2 (full 0):
 PSYoungGen      total 18944K, used 17320K [0x00000007aab00000, 0x00000007ac000000, 0x00000007c0000000)
  eden space 16384K, 90% used [0x00000007aab00000,0x00000007ab96e2c8,0x00000007abb00000)
  from space 2560K, 99% used [0x00000007abb00000,0x00000007abd7c040,0x00000007abd80000)
  to   space 2560K, 0% used [0x00000007abd80000,0x00000007abd80000,0x00000007ac000000)
 ParOldGen       total 44032K, used 328K [0x0000000780000000, 0x0000000782b00000, 0x00000007aab00000)
  object space 44032K, 0% used [0x0000000780000000,0x0000000780052000,0x0000000782b00000)
 Metaspace       used 15141K, capacity 15754K, committed 16000K, reserved 1062912K
  class space    used 2192K, capacity 2354K, committed 2432K, reserved 1048576K
Event: 2.329 GC heap after
Heap after GC invocations=2 (full 0):
 PSYoungGen      total 18944K, used 2528K [0x00000007aab00000, 0x00000007ac000000, 0x00000007c0000000)
  eden space 16384K, 0% used [0x00000007aab00000,0x00000007aab00000,0x00000007abb00000)
  from space 2560K, 98% used [0x00000007abd80000,0x00000007abff8030,0x00000007ac000000)
  to   space 2560K, 0% used [0x00000007abb00000,0x00000007abb00000,0x00000007abd80000)
 ParOldGen       total 44032K, used 2052K [0x0000000780000000, 0x0000000782b00000, 0x00000007aab00000)
  object space 44032K, 4% used [0x0000000780000000,0x0000000780201080,0x0000000782b00000)
 Metaspace       used 15141K, capacity 15754K, committed 16000K, reserved 1062912K
  class space    used 2192K, capacity 2354K, committed 2432K, reserved 1048576K
}
Event: 7.999 GC heap before
{Heap before GC invocations=3 (full 0):
 PSYoungGen      total 18944K, used 18912K [0x00000007aab00000, 0x00000007ac000000, 0x00000007c0000000)
  eden space 16384K, 100% used [0x00000007aab00000,0x00000007abb00000,0x00000007abb00000)
  from space 2560K, 98% used [0x00000007abd80000,0x00000007abff8030,0x00000007ac000000)
  to   space 2560K, 0% used [0x00000007abb00000,0x00000007abb00000,0x00000007abd80000)
 ParOldGen       total 44032K, used 2052K [0x0000000780000000, 0x0000000782b00000, 0x00000007aab00000)
  object space 44032K, 4% used [0x0000000780000000,0x0000000780201080,0x0000000782b00000)
 Metaspace       used 19137K, capacity 19914K, committed 20096K, reserved 1067008K
  class space    used 2628K, capacity 2830K, committed 2944K, reserved 1048576K
Event: 8.016 GC heap after
Heap after GC invocations=3 (full 0):
 PSYoungGen      total 18944K, used 2544K [0x00000007aab00000, 0x00000007ac000000, 0x00000007c0000000)
  eden space 16384K, 0% used [0x00000007aab00000,0x00000007aab00000,0x00000007abb00000)
  from space 2560K, 99% used [0x00000007abb00000,0x00000007abd7c050,0x00000007abd80000)
  to   space 2560K, 0% used [0x00000007abd80000,0x00000007abd80000,0x00000007ac000000)
 ParOldGen       total 44032K, used 7268K [0x0000000780000000, 0x0000000782b00000, 0x00000007aab00000)
  object space 44032K, 16% used [0x0000000780000000,0x0000000780719030,0x0000000782b00000)
 Metaspace       used 19137K, capacity 19914K, committed 20096K, reserved 1067008K
  class space    used 2628K, capacity 2830K, committed 2944K, reserved 1048576K
}
Event: 8.300 GC heap before
{Heap before GC invocations=4 (full 0):
 PSYoungGen      total 18944K, used 9205K [0x00000007aab00000, 0x00000007ac000000, 0x00000007c0000000)
  eden space 16384K, 40% used [0x00000007aab00000,0x00000007ab181450,0x00000007abb00000)
  from space 2560K, 99% used [0x00000007abb00000,0x00000007abd7c050,0x00000007abd80000)
  to   space 2560K, 0% used [0x00000007abd80000,0x00000007abd80000,0x00000007ac000000)
 ParOldGen       total 44032K, used 7268K [0x0000000780000000, 0x0000000782b00000, 0x00000007aab00000)
  object space 44032K, 16% used [0x0000000780000000,0x0000000780719030,0x0000000782b00000)
 Metaspace       used 20168K, capacity 21240K, committed 21296K, reserved 1067008K
  class space    used 2795K, capacity 3035K, committed 3072K, reserved 1048576K
Event: 8.310 GC heap after
Heap after GC invocations=4 (full 0):
 PSYoungGen      total 18944K, used 2528K [0x00000007aab00000, 0x00000007ad000000, 0x00000007c0000000)
  eden space 16384K, 0% used [0x00000007aab00000,0x00000007aab00000,0x00000007abb00000)
  from space 2560K, 98% used [0x00000007abd80000,0x00000007abff8050,0x00000007ac000000)
  to   space 2560K, 0% used [0x00000007abb00000,0x00000007abb00000,0x00000007abd80000)
 ParOldGen       total 44032K, used 8678K [0x0000000780000000, 0x0000000782b00000, 0x00000007aab00000)
  object space 44032K, 19% used [0x0000000780000000,0x0000000780879988,0x0000000782b00000)
 Metaspace       used 20168K, capacity 21240K, committed 21296K, reserved 1067008K
  class space    used 2795K, capacity 3035K, committed 3072K, reserved 1048576K
}
Event: 8.310 GC heap before
{Heap before GC invocations=5 (full 1):
 PSYoungGen      total 18944K, used 2528K [0x00000007aab00000, 0x00000007ad000000, 0x00000007c0000000)
  eden space 16384K, 0% used [0x00000007aab00000,0x00000007aab00000,0x00000007abb00000)
  from space 2560K, 98% used [0x00000007abd80000,0x00000007abff8050,0x00000007ac000000)
  to   space 2560K, 0% used [0x00000007abb00000,0x00000007abb00000,0x00000007abd80000)
 ParOldGen       total 44032K, used 8678K [0x0000000780000000, 0x0000000782b00000, 0x00000007aab00000)
  object space 44032K, 19% used [0x0000000780000000,0x0000000780879988,0x0000000782b00000)
 Metaspace       used 20168K, capacity 21240K, committed 21296K, reserved 1067008K
  class space    used 2795K, capacity 3035K, committed 3072K, reserved 1048576K
Event: 8.404 GC heap after
Heap after GC invocations=5 (full 1):
 PSYoungGen      total 18944K, used 0K [0x00000007aab00000, 0x00000007ad000000, 0x00000007c0000000)
  eden space 16384K, 0% used [0x00000007aab00000,0x00000007aab00000,0x00000007abb00000)
  from space 2560K, 0% used [0x00000007abd80000,0x00000007abd80000,0x00000007ac000000)
  to   space 2560K, 0% used [0x00000007abb00000,0x00000007abb00000,0x00000007abd80000)
 ParOldGen       total 40448K, used 10825K [0x0000000780000000, 0x0000000782780000, 0x00000007aab00000)
  object space 40448K, 26% used [0x0000000780000000,0x0000000780a92408,0x0000000782780000)
 Metaspace       used 20168K, capacity 21240K, committed 21296K, reserved 1067008K
  class space    used 2795K, capacity 3035K, committed 3072K, reserved 1048576K
}
Event: 115.048 GC heap before
{Heap before GC invocations=6 (full 1):
 PSYoungGen      total 18944K, used 16384K [0x00000007aab00000, 0x00000007ad000000, 0x00000007c0000000)
  eden space 16384K, 100% used [0x00000007aab00000,0x00000007abb00000,0x00000007abb00000)
  from space 2560K, 0% used [0x00000007abd80000,0x00000007abd80000,0x00000007ac000000)
  to   space 2560K, 0% used [0x00000007abb00000,0x00000007abb00000,0x00000007abd80000)
 ParOldGen       total 40448K, used 10825K [0x0000000780000000, 0x0000000782780000, 0x00000007aab00000)
  object space 40448K, 26% used [0x0000000780000000,0x0000000780a92408,0x0000000782780000)
 Metaspace       used 21561K, capacity 22768K, committed 22912K, reserved 1069056K
  class space    used 2916K, capacity 3161K, committed 3200K, reserved 1048576K
Event: 115.053 GC heap after
Heap after GC invocations=6 (full 1):
 PSYoungGen      total 18944K, used 1216K [0x00000007aab00000, 0x00000007ad380000, 0x00000007c0000000)
  eden space 16384K, 0% used [0x00000007aab00000,0x00000007aab00000,0x00000007abb00000)
  from space 2560K, 47% used [0x00000007abb00000,0x00000007abc30000,0x00000007abd80000)
  to   space 8704K, 0% used [0x00000007acb00000,0x00000007acb00000,0x00000007ad380000)
 ParOldGen       total 40448K, used 10825K [0x0000000780000000, 0x0000000782780000, 0x00000007aab00000)
  object space 40448K, 26% used [0x0000000780000000,0x0000000780a92408,0x0000000782780000)
 Metaspace       used 21561K, capacity 22768K, committed 22912K, reserved 1069056K
  class space    used 2916K, capacity 3161K, committed 3200K, reserved 1048576K
}

Deoptimization events (10 events):
Event: 149.538 Thread 0x00007fa3638c4000 Uncommon trap: reason=unstable_if action=reinterpret pc=0x000000010a475820 method=com.sun.javafx.css.SimpleSelector.stateMatches(Ljavafx/css/Styleable;Ljava/util/Set;)Z @ 1
Event: 149.660 Thread 0x00007fa3638c4000 Uncommon trap: reason=unstable_if action=reinterpret pc=0x000000010a0e189c method=java.lang.Double.compare(DD)I @ 11
Event: 149.699 Thread 0x00007fa3638c4000 Uncommon trap: reason=array_check action=maybe_recompile pc=0x000000010a7b6a54 method=com.sun.javafx.css.CompoundSelector.applies(Ljavafx/css/Styleable;[Ljava/util/Set;I)Z @ 128
Event: 149.699 Thread 0x00007fa3638c4000 Uncommon trap: reason=array_check action=maybe_recompile pc=0x000000010a7b6a54 method=com.sun.javafx.css.CompoundSelector.applies(Ljavafx/css/Styleable;[Ljava/util/Set;I)Z @ 128
Event: 149.699 Thread 0x00007fa3638c4000 Uncommon trap: reason=array_check action=maybe_recompile pc=0x000000010a7b6a54 method=com.sun.javafx.css.CompoundSelector.applies(Ljavafx/css/Styleable;[Ljava/util/Set;I)Z @ 128
Event: 149.699 Thread 0x00007fa3638c4000 Uncommon trap: reason=array_check action=maybe_recompile pc=0x000000010a7b6a54 method=com.sun.javafx.css.CompoundSelector.applies(Ljavafx/css/Styleable;[Ljava/util/Set;I)Z @ 128
Event: 149.806 Thread 0x00007fa3638c4000 Uncommon trap: reason=unstable_if action=reinterpret pc=0x000000010a6c00c4 method=javafx.scene.Scene$ScenePulseListener.pulse()V @ 24
Event: 149.818 Thread 0x00007fa3638c4000 Uncommon trap: reason=unstable_if action=reinterpret pc=0x000000010a6b4210 method=com.sun.javafx.tk.quantum.PaintCollector.renderAll()V @ 347
Event: 149.819 Thread 0x00007fa3631f0000 Uncommon trap: reason=unstable_if action=reinterpret pc=0x000000010a77d458 method=com.sun.javafx.sg.prism.NGGroup.clearDirty()V @ 8
Event: 149.821 Thread 0x00007fa3628f0800 Uncommon trap: reason=unstable_if action=reinterpret pc=0x000000010a6abae0 method=java.util.concurrent.LinkedBlockingDeque.linkLast(Ljava/util/concurrent/LinkedBlockingDeque$Node;)Z @ 32

Internal exceptions (10 events):
Event: 7.339 Thread 0x00007fa3638c4000 Exception <a 'java/security/PrivilegedActionException'> (0x00000007aaf80ed8) thrown at [/Users/java_re/workspace/8-2-build-macosx-x86_64/jdk8u45/3457/hotspot/src/share/vm/prims/jvm.cpp, line 1382]
Event: 7.340 Thread 0x00007fa3638c4000 Exception <a 'java/security/PrivilegedActionException'> (0x00000007aaf842b8) thrown at [/Users/java_re/workspace/8-2-build-macosx-x86_64/jdk8u45/3457/hotspot/src/share/vm/prims/jvm.cpp, line 1382]
Event: 7.340 Thread 0x00007fa3638c4000 Exception <a 'java/security/PrivilegedActionException'> (0x00000007aaf84790) thrown at [/Users/java_re/workspace/8-2-build-macosx-x86_64/jdk8u45/3457/hotspot/src/share/vm/prims/jvm.cpp, line 1382]
Event: 7.908 Thread 0x00007fa3638c4000 Exception <a 'java/lang/ArrayIndexOutOfBoundsException'> (0x00000007ab8a5ff0) thrown at [/Users/java_re/workspace/8-2-build-macosx-x86_64/jdk8u45/3457/hotspot/src/share/vm/runtime/sharedRuntime.cpp, line 605]
Event: 7.909 Thread 0x00007fa3638c4000 Exception <a 'java/lang/ArrayIndexOutOfBoundsException'> (0x00000007ab8a7850) thrown at [/Users/java_re/workspace/8-2-build-macosx-x86_64/jdk8u45/3457/hotspot/src/share/vm/runtime/sharedRuntime.cpp, line 605]
Event: 7.909 Thread 0x00007fa3638c4000 Exception <a 'java/lang/ArrayIndexOutOfBoundsException'> (0x00000007ab8a8930) thrown at [/Users/java_re/workspace/8-2-build-macosx-x86_64/jdk8u45/3457/hotspot/src/share/vm/runtime/sharedRuntime.cpp, line 605]
Event: 7.910 Thread 0x00007fa3638c4000 Exception <a 'java/lang/ArrayIndexOutOfBoundsException'> (0x00000007ab8aa410) thrown at [/Users/java_re/workspace/8-2-build-macosx-x86_64/jdk8u45/3457/hotspot/src/share/vm/runtime/sharedRuntime.cpp, line 605]
Event: 23.655 Thread 0x00007fa3638c4000 Exception <a 'java/lang/reflect/InvocationTargetException'> (0x00000007ab194538) thrown at [/Users/java_re/workspace/8-2-build-macosx-x86_64/jdk8u45/3457/hotspot/src/share/vm/runtime/reflection.cpp, line 1080]
Event: 23.656 Thread 0x00007fa3638c4000 Exception <a 'java/lang/RuntimeException'> (0x00000007ab194bc8) thrown at [/Users/java_re/workspace/8-2-build-macosx-x86_64/jdk8u45/3457/hotspot/src/share/vm/prims/jvm.cpp, line 1386]
Event: 149.538 Thread 0x00007fa3638c4000 Implicit null exception at 0x000000010a4750bf to 0x000000010a4757f5

Events (10 events):
Event: 149.819 Thread 0x00007fa3631f0000 Uncommon trap: trap_request=0xffffff65 fr.pc=0x000000010a77d458
Event: 149.819 Thread 0x00007fa3631f0000 DEOPT PACKING pc=0x000000010a77d458 sp=0x00007000010c5f40
Event: 149.819 Thread 0x00007fa3631f0000 DEOPT UNPACKING pc=0x0000000109e05229 sp=0x00007000010c5f00 mode 2
Event: 149.821 Thread 0x00007fa3628f0800 Uncommon trap: trap_request=0xffffff65 fr.pc=0x000000010a6abae0
Event: 149.821 Thread 0x00007fa3628f0800 DEOPT PACKING pc=0x000000010a6abae0 sp=0x00007000013526c0
Event: 149.821 Thread 0x00007fa3628f0800 DEOPT UNPACKING pc=0x0000000109e05229 sp=0x0000700001352380 mode 2
Event: 149.822 Executing VM operation: RevokeBias
Event: 149.823 Executing VM operation: RevokeBias done
Event: 149.838 Executing VM operation: RevokeBias
Event: 149.838 Executing VM operation: RevokeBias done


Dynamic libraries:
0x0000000006c0d000 	/System/Library/Frameworks/Cocoa.framework/Versions/A/Cocoa
0x0000000006c0d000 	/System/Library/Frameworks/Security.framework/Versions/A/Security
0x0000000006c0d000 	/System/Library/Frameworks/ApplicationServices.framework/Versions/A/ApplicationServices
0x0000000006c0d000 	/usr/lib/libz.1.dylib
0x0000000006c0d000 	/usr/lib/libSystem.B.dylib
0x0000000006c0d000 	/usr/lib/libobjc.A.dylib
0x0000000006c0d000 	/System/Library/Frameworks/CoreFoundation.framework/Versions/A/CoreFoundation
0x0000000006c0d000 	/System/Library/Frameworks/Foundation.framework/Versions/C/Foundation
0x0000000006c0d000 	/System/Library/Frameworks/AppKit.framework/Versions/C/AppKit
0x0000000006c0d000 	/System/Library/Frameworks/CoreData.framework/Versions/A/CoreData
0x0000000006c0d000 	/System/Library/PrivateFrameworks/RemoteViewServices.framework/Versions/A/RemoteViewServices
0x0000000006c0d000 	/System/Library/PrivateFrameworks/UIFoundation.framework/Versions/A/UIFoundation
0x0000000006c0d000 	/usr/lib/libScreenReader.dylib
0x0000000006c0d000 	/System/Library/Frameworks/Accelerate.framework/Versions/A/Accelerate
0x0000000006c0d000 	/System/Library/Frameworks/IOSurface.framework/Versions/A/IOSurface
0x0000000006c0d000 	/System/Library/Frameworks/AudioToolbox.framework/Versions/A/AudioToolbox
0x0000000006c0d000 	/System/Library/Frameworks/AudioUnit.framework/Versions/A/AudioUnit
0x0000000006c0d000 	/System/Library/PrivateFrameworks/DataDetectorsCore.framework/Versions/A/DataDetectorsCore
0x0000000006c0d000 	/System/Library/PrivateFrameworks/DesktopServicesPriv.framework/Versions/A/DesktopServicesPriv
0x0000000006c0d000 	/System/Library/Frameworks/Carbon.framework/Versions/A/Frameworks/HIToolbox.framework/Versions/A/HIToolbox
0x0000000006c0d000 	/System/Library/Frameworks/QuartzCore.framework/Versions/A/QuartzCore
0x0000000006c0d000 	/System/Library/Frameworks/Carbon.framework/Versions/A/Frameworks/SpeechRecognition.framework/Versions/A/SpeechRecognition
0x0000000006c0d000 	/usr/lib/libauto.dylib
0x0000000006c0d000 	/usr/lib/libicucore.A.dylib
0x0000000006c0d000 	/usr/lib/libxml2.2.dylib
0x0000000006c0d000 	/System/Library/PrivateFrameworks/CoreUI.framework/Versions/A/CoreUI
0x0000000006c0d000 	/System/Library/Frameworks/CoreAudio.framework/Versions/A/CoreAudio
0x0000000006c0d000 	/System/Library/Frameworks/DiskArbitration.framework/Versions/A/DiskArbitration
0x0000000006c0d000 	/usr/lib/liblangid.dylib
0x0000000006c0d000 	/System/Library/PrivateFrameworks/MultitouchSupport.framework/Versions/A/MultitouchSupport
0x0000000006c0d000 	/System/Library/Frameworks/IOKit.framework/Versions/A/IOKit
0x0000000006c0d000 	/usr/lib/libDiagnosticMessagesClient.dylib
0x0000000006c0d000 	/System/Library/Frameworks/CoreServices.framework/Versions/A/CoreServices
0x0000000006c0d000 	/System/Library/PrivateFrameworks/PerformanceAnalysis.framework/Versions/A/PerformanceAnalysis
0x0000000006c0d000 	/System/Library/PrivateFrameworks/GenerationalStorage.framework/Versions/A/GenerationalStorage
0x0000000006c0d000 	/System/Library/Frameworks/OpenGL.framework/Versions/A/OpenGL
0x0000000006c0d000 	/System/Library/PrivateFrameworks/Sharing.framework/Versions/A/Sharing
0x0000000006c0d000 	/System/Library/Frameworks/CoreGraphics.framework/Versions/A/CoreGraphics
0x0000000006c0d000 	/System/Library/Frameworks/CoreImage.framework/Versions/A/CoreImage
0x0000000006c0d000 	/System/Library/Frameworks/CoreText.framework/Versions/A/CoreText
0x0000000006c0d000 	/System/Library/Frameworks/ImageIO.framework/Versions/A/ImageIO
0x0000000006c0d000 	/System/Library/PrivateFrameworks/Backup.framework/Versions/A/Backup
0x0000000006c0d000 	/usr/lib/libextension.dylib
0x0000000006c0d000 	/usr/lib/libarchive.2.dylib
0x0000000006c0d000 	/System/Library/Frameworks/CFNetwork.framework/Versions/A/CFNetwork
0x0000000006c0d000 	/System/Library/Frameworks/SystemConfiguration.framework/Versions/A/SystemConfiguration
0x0000000006c0d000 	/usr/lib/libCRFSuite.dylib
0x0000000006c0d000 	/usr/lib/libc++.1.dylib
0x0000000006c0d000 	/usr/lib/libc++abi.dylib
0x0000000006c0d000 	/usr/lib/system/libcache.dylib
0x0000000006c0d000 	/usr/lib/system/libcommonCrypto.dylib
0x0000000006c0d000 	/usr/lib/system/libcompiler_rt.dylib
0x0000000006c0d000 	/usr/lib/system/libcopyfile.dylib
0x0000000006c0d000 	/usr/lib/system/libcorecrypto.dylib
0x0000000006c0d000 	/usr/lib/system/libdispatch.dylib
0x0000000006c0d000 	/usr/lib/system/libdyld.dylib
0x0000000006c0d000 	/usr/lib/system/libkeymgr.dylib
0x0000000006c0d000 	/usr/lib/system/liblaunch.dylib
0x0000000006c0d000 	/usr/lib/system/libmacho.dylib
0x0000000006c0d000 	/usr/lib/system/libquarantine.dylib
0x0000000006c0d000 	/usr/lib/system/libremovefile.dylib
0x0000000006c0d000 	/usr/lib/system/libsystem_asl.dylib
0x0000000006c0d000 	/usr/lib/system/libsystem_blocks.dylib
0x0000000006c0d000 	/usr/lib/system/libsystem_c.dylib
0x0000000006c0d000 	/usr/lib/system/libsystem_configuration.dylib
0x0000000006c0d000 	/usr/lib/system/libsystem_coreservices.dylib
0x0000000006c0d000 	/usr/lib/system/libsystem_coretls.dylib
0x0000000006c0d000 	/usr/lib/system/libsystem_dnssd.dylib
0x0000000006c0d000 	/usr/lib/system/libsystem_info.dylib
0x0000000006c0d000 	/usr/lib/system/libsystem_kernel.dylib
0x0000000006c0d000 	/usr/lib/system/libsystem_m.dylib
0x0000000006c0d000 	/usr/lib/system/libsystem_malloc.dylib
0x0000000006c0d000 	/usr/lib/system/libsystem_network.dylib
0x0000000006c0d000 	/usr/lib/system/libsystem_networkextension.dylib
0x0000000006c0d000 	/usr/lib/system/libsystem_notify.dylib
0x0000000006c0d000 	/usr/lib/system/libsystem_platform.dylib
0x0000000006c0d000 	/usr/lib/system/libsystem_pthread.dylib
0x0000000006c0d000 	/usr/lib/system/libsystem_sandbox.dylib
0x0000000006c0d000 	/usr/lib/system/libsystem_secinit.dylib
0x0000000006c0d000 	/usr/lib/system/libsystem_trace.dylib
0x0000000006c0d000 	/usr/lib/system/libunc.dylib
0x0000000006c0d000 	/usr/lib/system/libunwind.dylib
0x0000000006c0d000 	/usr/lib/system/libxpc.dylib
0x0000000006c0d000 	/usr/lib/libenergytrace.dylib
0x0000000006c0d000 	/usr/lib/libbsm.0.dylib
0x0000000006c0d000 	/usr/lib/system/libkxld.dylib
0x0000000006c0d000 	/usr/lib/libxar.1.dylib
0x0000000006c0d000 	/usr/lib/libsqlite3.dylib
0x0000000006c0d000 	/usr/lib/libpam.2.dylib
0x0000000006c0d000 	/usr/lib/libOpenScriptingUtil.dylib
0x0000000006c0d000 	/usr/lib/libbz2.1.0.dylib
0x0000000006c0d000 	/usr/lib/liblzma.5.dylib
0x0000000006c0d000 	/System/Library/Frameworks/CoreServices.framework/Versions/A/Frameworks/FSEvents.framework/Versions/A/FSEvents
0x0000000006c0d000 	/System/Library/Frameworks/CoreServices.framework/Versions/A/Frameworks/CarbonCore.framework/Versions/A/CarbonCore
0x0000000006c0d000 	/System/Library/Frameworks/CoreServices.framework/Versions/A/Frameworks/Metadata.framework/Versions/A/Metadata
0x0000000006c0d000 	/System/Library/Frameworks/CoreServices.framework/Versions/A/Frameworks/OSServices.framework/Versions/A/OSServices
0x0000000006c0d000 	/System/Library/Frameworks/CoreServices.framework/Versions/A/Frameworks/SearchKit.framework/Versions/A/SearchKit
0x0000000006c0d000 	/System/Library/Frameworks/CoreServices.framework/Versions/A/Frameworks/AE.framework/Versions/A/AE
0x0000000006c0d000 	/System/Library/Frameworks/CoreServices.framework/Versions/A/Frameworks/LaunchServices.framework/Versions/A/LaunchServices
0x0000000006c0d000 	/System/Library/Frameworks/CoreServices.framework/Versions/A/Frameworks/DictionaryServices.framework/Versions/A/DictionaryServices
0x0000000006c0d000 	/System/Library/Frameworks/CoreServices.framework/Versions/A/Frameworks/SharedFileList.framework/Versions/A/SharedFileList
0x0000000006c0d000 	/System/Library/Frameworks/NetFS.framework/Versions/A/NetFS
0x0000000006c0d000 	/System/Library/PrivateFrameworks/NetAuth.framework/Versions/A/NetAuth
0x0000000006c0d000 	/System/Library/PrivateFrameworks/login.framework/Versions/A/Frameworks/loginsupport.framework/Versions/A/loginsupport
0x0000000006c0d000 	/System/Library/PrivateFrameworks/TCC.framework/Versions/A/TCC
0x0000000006c0d000 	/usr/lib/libmecabra.dylib
0x0000000006c0d000 	/System/Library/Frameworks/ApplicationServices.framework/Versions/A/Frameworks/ATS.framework/Versions/A/ATS
0x0000000006c0d000 	/System/Library/Frameworks/ApplicationServices.framework/Versions/A/Frameworks/ColorSync.framework/Versions/A/ColorSync
0x0000000006c0d000 	/System/Library/Frameworks/ApplicationServices.framework/Versions/A/Frameworks/HIServices.framework/Versions/A/HIServices
0x0000000006c0d000 	/System/Library/Frameworks/ApplicationServices.framework/Versions/A/Frameworks/LangAnalysis.framework/Versions/A/LangAnalysis
0x0000000006c0d000 	/System/Library/Frameworks/ApplicationServices.framework/Versions/A/Frameworks/PrintCore.framework/Versions/A/PrintCore
0x0000000006c0d000 	/System/Library/Frameworks/ApplicationServices.framework/Versions/A/Frameworks/QD.framework/Versions/A/QD
0x0000000006c0d000 	/System/Library/Frameworks/ApplicationServices.framework/Versions/A/Frameworks/SpeechSynthesis.framework/Versions/A/SpeechSynthesis
0x0000000006c0d000 	/System/Library/Frameworks/Metal.framework/Versions/A/Metal
0x0000000006c0d000 	/System/Library/Frameworks/Accelerate.framework/Versions/A/Frameworks/vImage.framework/Versions/A/vImage
0x0000000006c0d000 	/System/Library/Frameworks/Accelerate.framework/Versions/A/Frameworks/vecLib.framework/Versions/A/vecLib
0x0000000006c0d000 	/System/Library/Frameworks/Accelerate.framework/Versions/A/Frameworks/vecLib.framework/Versions/A/libvDSP.dylib
0x0000000006c0d000 	/System/Library/Frameworks/Accelerate.framework/Versions/A/Frameworks/vecLib.framework/Versions/A/libvMisc.dylib
0x0000000006c0d000 	/System/Library/Frameworks/Accelerate.framework/Versions/A/Frameworks/vecLib.framework/Versions/A/libLAPACK.dylib
0x0000000006c0d000 	/System/Library/Frameworks/Accelerate.framework/Versions/A/Frameworks/vecLib.framework/Versions/A/libBLAS.dylib
0x0000000006c0d000 	/System/Library/Frameworks/Accelerate.framework/Versions/A/Frameworks/vecLib.framework/Versions/A/libLinearAlgebra.dylib
0x0000000006c0d000 	/System/Library/Frameworks/Accelerate.framework/Versions/A/Frameworks/vecLib.framework/Versions/A/libSparseBLAS.dylib
0x0000000006c0d000 	/System/Library/PrivateFrameworks/GPUCompiler.framework/libmetal_timestamp.dylib
0x0000000006c0d000 	/System/Library/Frameworks/OpenGL.framework/Versions/A/Libraries/libCoreFSCache.dylib
0x0000000006c0d000 	/System/Library/PrivateFrameworks/IOAccelerator.framework/Versions/A/IOAccelerator
0x0000000006c0d000 	/System/Library/Frameworks/ApplicationServices.framework/Versions/A/Frameworks/ATS.framework/Versions/A/Resources/libFontParser.dylib
0x0000000006c0d000 	/System/Library/Frameworks/ApplicationServices.framework/Versions/A/Frameworks/ATS.framework/Versions/A/Resources/libFontRegistry.dylib
0x0000000006c0d000 	/System/Library/PrivateFrameworks/AppleVPA.framework/Versions/A/AppleVPA
0x0000000006c0d000 	/System/Library/PrivateFrameworks/AppleJPEG.framework/Versions/A/AppleJPEG
0x0000000006c0d000 	/System/Library/Frameworks/ImageIO.framework/Versions/A/Resources/libJPEG.dylib
0x0000000006c0d000 	/System/Library/Frameworks/ImageIO.framework/Versions/A/Resources/libTIFF.dylib
0x0000000006c0d000 	/System/Library/Frameworks/ImageIO.framework/Versions/A/Resources/libPng.dylib
0x0000000006c0d000 	/System/Library/Frameworks/ImageIO.framework/Versions/A/Resources/libGIF.dylib
0x0000000006c0d000 	/System/Library/Frameworks/ImageIO.framework/Versions/A/Resources/libJP2.dylib
0x0000000006c0d000 	/System/Library/Frameworks/ImageIO.framework/Versions/A/Resources/libRadiance.dylib
0x0000000006c0d000 	/System/Library/Frameworks/CoreVideo.framework/Versions/A/CoreVideo
0x0000000006c0d000 	/System/Library/Frameworks/OpenGL.framework/Versions/A/Libraries/libGLU.dylib
0x0000000006c0d000 	/System/Library/Frameworks/OpenGL.framework/Versions/A/Libraries/libGFXShared.dylib
0x0000000006c0d000 	/System/Library/Frameworks/OpenGL.framework/Versions/A/Libraries/libGL.dylib
0x0000000006c0d000 	/System/Library/Frameworks/OpenGL.framework/Versions/A/Libraries/libGLImage.dylib
0x0000000006c0d000 	/System/Library/Frameworks/OpenGL.framework/Versions/A/Libraries/libCVMSPluginSupport.dylib
0x0000000006c0d000 	/System/Library/Frameworks/OpenGL.framework/Versions/A/Libraries/libCoreVMClient.dylib
0x0000000006c0d000 	/usr/lib/libcups.2.dylib
0x0000000006c0d000 	/System/Library/Frameworks/Kerberos.framework/Versions/A/Kerberos
0x0000000006c0d000 	/System/Library/Frameworks/GSS.framework/Versions/A/GSS
0x0000000006c0d000 	/usr/lib/libresolv.9.dylib
0x0000000006c0d000 	/usr/lib/libiconv.2.dylib
0x0000000006c0d000 	/System/Library/PrivateFrameworks/Heimdal.framework/Versions/A/Heimdal
0x0000000006c0d000 	/usr/lib/libheimdal-asn1.dylib
0x0000000006c0d000 	/System/Library/Frameworks/OpenDirectory.framework/Versions/A/OpenDirectory
0x0000000006c0d000 	/System/Library/PrivateFrameworks/CommonAuth.framework/Versions/A/CommonAuth
0x0000000006c0d000 	/System/Library/Frameworks/OpenDirectory.framework/Versions/A/Frameworks/CFOpenDirectory.framework/Versions/A/CFOpenDirectory
0x0000000006c0d000 	/System/Library/Frameworks/SecurityFoundation.framework/Versions/A/SecurityFoundation
0x0000000006c0d000 	/System/Library/PrivateFrameworks/LanguageModeling.framework/Versions/A/LanguageModeling
0x0000000006c0d000 	/usr/lib/libmarisa.dylib
0x0000000006c0d000 	/usr/lib/libChineseTokenizer.dylib
0x0000000006c0d000 	/usr/lib/libcmph.dylib
0x0000000006c0d000 	/usr/lib/libcompression.dylib
0x0000000006c0d000 	/System/Library/Frameworks/ServiceManagement.framework/Versions/A/ServiceManagement
0x0000000006c0d000 	/usr/lib/libxslt.1.dylib
0x0000000006c0d000 	/System/Library/Frameworks/Carbon.framework/Versions/A/Frameworks/Ink.framework/Versions/A/Ink
0x0000000006c0d000 	/usr/lib/libFosl_dynamic.dylib
0x0000000006c0d000 	/System/Library/PrivateFrameworks/FaceCore.framework/Versions/A/FaceCore
0x0000000006c0d000 	/System/Library/Frameworks/OpenCL.framework/Versions/A/OpenCL
0x0000000006c0d000 	/System/Library/PrivateFrameworks/CrashReporterSupport.framework/Versions/A/CrashReporterSupport
0x0000000006c0d000 	/System/Library/PrivateFrameworks/IconServices.framework/Versions/A/IconServices
0x0000000006c0d000 	/System/Library/PrivateFrameworks/Apple80211.framework/Versions/A/Apple80211
0x0000000006c0d000 	/System/Library/Frameworks/CoreWLAN.framework/Versions/A/CoreWLAN
0x0000000006c0d000 	/System/Library/Frameworks/IOBluetooth.framework/Versions/A/IOBluetooth
0x0000000006c0d000 	/System/Library/PrivateFrameworks/CoreWiFi.framework/Versions/A/CoreWiFi
0x0000000006c0d000 	/System/Library/Frameworks/CoreBluetooth.framework/Versions/A/CoreBluetooth
0x0000000006c0d000 	/System/Library/PrivateFrameworks/ChunkingLibrary.framework/Versions/A/ChunkingLibrary
0x0000000006c0d000 	/System/Library/PrivateFrameworks/DebugSymbols.framework/Versions/A/DebugSymbols
0x0000000006c0d000 	/System/Library/PrivateFrameworks/CoreSymbolication.framework/Versions/A/CoreSymbolication
0x0000000006c0d000 	/System/Library/PrivateFrameworks/Symbolication.framework/Versions/A/Symbolication
0x0000000006c0d000 	/System/Library/PrivateFrameworks/SpeechRecognitionCore.framework/Versions/A/SpeechRecognitionCore
0x00000001085f5000 	/Library/Java/JavaVirtualMachines/jdk1.8.0_45.jdk/Contents/Home/jre/lib/server/libjvm.dylib
0x0000000006c0d000 	/usr/lib/libstdc++.6.dylib
0x0000000109562000 	/Library/Java/JavaVirtualMachines/jdk1.8.0_45.jdk/Contents/Home/jre/lib/libverify.dylib
0x0000000109570000 	/Library/Java/JavaVirtualMachines/jdk1.8.0_45.jdk/Contents/Home/jre/lib/libjava.dylib
0x00000001095af000 	/Library/Java/JavaVirtualMachines/jdk1.8.0_45.jdk/Contents/Home/jre/lib/libzip.dylib
0x000000011d1bd000 	/System/Library/Frameworks/JavaVM.framework/Frameworks/JavaRuntimeSupport.framework/JavaRuntimeSupport
0x000000011d1d8000 	/System/Library/Frameworks/JavaVM.framework/Versions/A/Frameworks/JavaNativeFoundation.framework/Versions/A/JavaNativeFoundation
0x000000011d1ed000 	/System/Library/Frameworks/JavaVM.framework/Versions/A/JavaVM
0x0000000006c0d000 	/System/Library/Frameworks/Carbon.framework/Versions/A/Carbon
0x000000011d1fa000 	/System/Library/PrivateFrameworks/JavaLaunching.framework/Versions/A/JavaLaunching
0x0000000006c0d000 	/System/Library/Frameworks/Carbon.framework/Versions/A/Frameworks/CommonPanels.framework/Versions/A/CommonPanels
0x0000000006c0d000 	/System/Library/Frameworks/Carbon.framework/Versions/A/Frameworks/Help.framework/Versions/A/Help
0x0000000006c0d000 	/System/Library/Frameworks/Carbon.framework/Versions/A/Frameworks/ImageCapture.framework/Versions/A/ImageCapture
0x0000000006c0d000 	/System/Library/Frameworks/Carbon.framework/Versions/A/Frameworks/OpenScripting.framework/Versions/A/OpenScripting
0x0000000006c0d000 	/System/Library/Frameworks/Carbon.framework/Versions/A/Frameworks/Print.framework/Versions/A/Print
0x0000000006c0d000 	/System/Library/Frameworks/Carbon.framework/Versions/A/Frameworks/SecurityHI.framework/Versions/A/SecurityHI
0x000000011ebb7000 	/Library/Java/JavaVirtualMachines/jdk1.8.0_45.jdk/Contents/Home/jre/lib/libprism_es2.dylib
0x0000000006c0d000 	/System/Library/Frameworks/OpenGL.framework/Versions/A/Resources/GLEngine.bundle/GLEngine
0x0000000006c0d000 	/System/Library/Frameworks/OpenGL.framework/Versions/A/Libraries/libGLProgrammability.dylib
0x000000011ec35000 	/System/Library/Extensions/AppleIntelHD5000GraphicsGLDriver.bundle/Contents/MacOS/AppleIntelHD5000GraphicsGLDriver
0x0000000006c0d000 	/System/Library/PrivateFrameworks/GPUSupport.framework/Versions/A/Libraries/libGPUSupportMercury.dylib
0x0000000006c0d000 	/System/Library/Frameworks/OpenGL.framework/Versions/A/Resources/GLRendererFloat.bundle/GLRendererFloat
0x0000000006c0d000 	/System/Library/Frameworks/OpenCL.framework/Versions/A/Libraries/libcldcpuengine.dylib
0x0000000006c0d000 	/System/Library/PrivateFrameworks/DiskImages.framework/Versions/A/DiskImages
0x0000000006c0d000 	/System/Library/Frameworks/DiscRecording.framework/Versions/A/DiscRecording
0x0000000006c0d000 	/usr/lib/libcsfde.dylib
0x0000000006c0d000 	/usr/lib/libcurl.4.dylib
0x0000000006c0d000 	/System/Library/PrivateFrameworks/MediaKit.framework/Versions/A/MediaKit
0x0000000006c0d000 	/System/Library/PrivateFrameworks/ProtectedCloudStorage.framework/Versions/A/ProtectedCloudStorage
0x0000000006c0d000 	/usr/lib/libCoreStorage.dylib
0x0000000006c0d000 	/System/Library/PrivateFrameworks/EFILogin.framework/Versions/A/EFILogin
0x0000000006c0d000 	/usr/lib/libutil.dylib
0x0000000006c0d000 	/System/Library/PrivateFrameworks/FindMyDevice.framework/Versions/A/FindMyDevice
0x0000000006c0d000 	/System/Library/Frameworks/LDAP.framework/Versions/A/LDAP
0x0000000006c0d000 	/usr/lib/libsasl2.2.dylib
0x0000000006c0d000 	/System/Library/PrivateFrameworks/CoreDaemon.framework/Versions/B/CoreDaemon
0x0000000006c0d000 	/usr/lib/libcrypto.0.9.8.dylib
0x0000000006c0d000 	/System/Library/PrivateFrameworks/AppleSRP.framework/Versions/A/AppleSRP
0x0000000006c0d000 	/System/Library/PrivateFrameworks/TrustEvaluationAgent.framework/Versions/A/TrustEvaluationAgent
0x000000011f7b7000 	/Library/Java/JavaVirtualMachines/jdk1.8.0_45.jdk/Contents/Home/jre/lib/libglass.dylib
0x0000000006c0d000 	/System/Library/PrivateFrameworks/CoreServicesInternal.framework/Versions/A/CoreServicesInternal
0x0000000006c0d000 	/System/Library/CoreServices/RawCamera.bundle/Contents/MacOS/RawCamera
0x0000000006c0d000 	/System/Library/Frameworks/CoreGraphics.framework/Versions/A/Resources/libRIP.A.dylib
0x0000000006c0d000 	/System/Library/Frameworks/Accelerate.framework/Versions/A/Frameworks/vImage.framework/Versions/A/Libraries/libCGInterfaces.dylib
0x0000000006c0d000 	/System/Library/PrivateFrameworks/FamilyControls.framework/Versions/A/FamilyControls
0x0000000006c0d000 	/System/Library/PrivateFrameworks/CommerceKit.framework/Versions/A/Frameworks/CommerceCore.framework/Versions/A/CommerceCore
0x0000000006c0d000 	/System/Library/PrivateFrameworks/SystemAdministration.framework/Versions/A/SystemAdministration
0x0000000006c0d000 	/System/Library/PrivateFrameworks/AppContainer.framework/Versions/A/AppContainer
0x0000000006c0d000 	/System/Library/PrivateFrameworks/SecCodeWrapper.framework/Versions/A/SecCodeWrapper
0x0000000006c0d000 	/System/Library/Frameworks/DirectoryService.framework/Versions/A/DirectoryService
0x0000000006c0d000 	/System/Library/PrivateFrameworks/LoginUIKit.framework/Versions/A/Frameworks/LoginUICore.framework/Versions/A/LoginUICore
0x0000000006c0d000 	/usr/lib/libodfde.dylib
0x00000001221ae000 	/Library/Java/JavaVirtualMachines/jdk1.8.0_45.jdk/Contents/Home/jre/lib/libjavafx_font.dylib
0x0000000006c0d000 	/System/Library/Frameworks/CoreGraphics.framework/Versions/A/Resources/libCGXType.A.dylib
0x0000000123a60000 	cl_kernels
0x0000000006c0d000 	/System/Library/Frameworks/OpenCL.framework/Versions/A/Libraries/ImageFormats/unorm8_bgra.dylib
0x0000000006c0d000 	/System/Library/Frameworks/OpenCL.framework/Versions/A/Libraries/ImageFormats/unorm8_rgba.dylib
0x00000001247e9000 	/Library/Java/JavaVirtualMachines/jdk1.8.0_45.jdk/Contents/Home/jre/lib/libprism_common.dylib
0x0000000124b10000 	/System/Library/Extensions/AppleIntelHD5000GraphicsMTLDriver.bundle/Contents/MacOS/AppleIntelHD5000GraphicsMTLDriver
0x00000001250d4000 	/Library/Java/JavaVirtualMachines/jdk1.8.0_45.jdk/Contents/Home/jre/lib/libnet.dylib

VM Arguments:
jvm_args: -Dfile.encoding=UTF-8 
java_command: com.view.TermprojectOOP
java_class_path (initial): /Users/zxcvbnm/Downloads/CSDb.jar:/Users/zxcvbnm/Downloads/mysql.jar:/Users/zxcvbnm/Desktop/new/TermProject/Term-project/Term project/build/classes
Launcher Type: SUN_STANDARD

Environment Variables:
PATH=/usr/bin:/bin:/usr/sbin:/sbin
LD_LIBRARY_PATH=/Library/Java/JavaVirtualMachines/jdk1.8.0_45.jdk/Contents/Home/jre/lib/amd64:/Library/Java/JavaVirtualMachines/jdk1.8.0_45.jdk/Contents/Home/jre/lib/i386:
SHELL=/bin/bash

Signal Handlers:
SIGSEGV: [libjvm.dylib+0x58ef95], sa_mask[0]=11111111011111110111111111111111, sa_flags=SA_ONSTACK|SA_RESTART|SA_SIGINFO
SIGBUS: [libjvm.dylib+0x58ef95], sa_mask[0]=11111111011111110111111111111111, sa_flags=SA_RESTART|SA_SIGINFO
SIGFPE: [libjvm.dylib+0x46c108], sa_mask[0]=11111111011111110111111111111111, sa_flags=SA_RESTART|SA_SIGINFO
SIGPIPE: [libjvm.dylib+0x46c108], sa_mask[0]=11111111011111110111111111111111, sa_flags=SA_RESTART|SA_SIGINFO
SIGXFSZ: [libjvm.dylib+0x46c108], sa_mask[0]=11111111011111110111111111111111, sa_flags=SA_RESTART|SA_SIGINFO
SIGILL: [libjvm.dylib+0x46c108], sa_mask[0]=11111111011111110111111111111111, sa_flags=SA_RESTART|SA_SIGINFO
SIGUSR1: SIG_DFL, sa_mask[0]=00000000000000000000000000000000, sa_flags=none
SIGUSR2: [libjvm.dylib+0x46bc26], sa_mask[0]=00100000000000000000000000000000, sa_flags=SA_RESTART|SA_SIGINFO
SIGHUP: [libjvm.dylib+0x46a1f9], sa_mask[0]=11111111011111110111111111111111, sa_flags=SA_RESTART|SA_SIGINFO
SIGINT: SIG_IGN, sa_mask[0]=00000000000000000000000000000000, sa_flags=none
SIGTERM: [libjvm.dylib+0x46a1f9], sa_mask[0]=11111111011111110111111111111111, sa_flags=SA_RESTART|SA_SIGINFO
SIGQUIT: [libjvm.dylib+0x46a1f9], sa_mask[0]=11111111011111110111111111111111, sa_flags=SA_RESTART|SA_SIGINFO


---------------  S Y S T E M  ---------------

OS:Bsduname:Darwin 15.4.0 Darwin Kernel Version 15.4.0: Fri Feb 26 22:08:05 PST 2016; root:xnu-3248.40.184~3/RELEASE_X86_64 x86_64
rlimit: STACK 8192k, CORE 0k, NPROC 709, NOFILE 10240, AS infinity
load average:1.70 1.63 1.62

CPU:total 4 (2 cores per cpu, 2 threads per core) family 6 model 69 stepping 1, cmov, cx8, fxsr, mmx, sse, sse2, sse3, ssse3, sse4.1, sse4.2, popcnt, avx, avx2, aes, clmul, erms, lzcnt, ht, tsc, tscinvbit, bmi1, bmi2

Memory: 4k page, physical 4194304k(21496k free)

/proc/meminfo:


vm_info: Java HotSpot(TM) 64-Bit Server VM (25.45-b02) for bsd-amd64 JRE (1.8.0_45-b14), built on Apr 10 2015 10:46:38 by "java_re" with gcc 4.2.1 (Based on Apple Inc. build 5658) (LLVM build 2336.11.00)

time: Sun May 22 05:15:42 2016
elapsed time: 149 seconds (0d 0h 2m 29s)

